{"name":"pressButtons","status":"failed","statusDetails":{"known":false,"muted":false,"flaky":false,"message":"expected:<[0, 6, 2, -1]> but was:<[0, 6, 2, 5]>","trace":"java.lang.AssertionError: expected:<[0, 6, 2, -1]> but was:<[0, 6, 2, 5]>\r\n\tat org.testng.AssertJUnit.assertEquals(AssertJUnit.java:82)\r\n\tat org.testng.AssertJUnit.assertEquals(AssertJUnit.java:87)\r\n\tat page.Exercise4Page.getActionsAndCheck(Exercise4Page.java:68)\r\n\tat tests.Exercise4Tests.pressButtons(Exercise4Tests.java:26)\r\n\tat sun.reflect.NativeMethodAccessorImpl.invoke0(Native Method)\r\n\tat sun.reflect.NativeMethodAccessorImpl.invoke(NativeMethodAccessorImpl.java:62)\r\n\tat sun.reflect.DelegatingMethodAccessorImpl.invoke(DelegatingMethodAccessorImpl.java:43)\r\n\tat java.lang.reflect.Method.invoke(Method.java:498)\r\n\tat org.testng.internal.MethodInvocationHelper.invokeMethod(MethodInvocationHelper.java:133)\r\n\tat org.testng.internal.TestInvoker.invokeMethod(TestInvoker.java:584)\r\n\tat org.testng.internal.TestInvoker.retryFailed(TestInvoker.java:204)\r\n\tat org.testng.internal.MethodRunner.runInSequence(MethodRunner.java:58)\r\n\tat org.testng.internal.TestInvoker$MethodInvocationAgent.invoke(TestInvoker.java:804)\r\n\tat org.testng.internal.TestInvoker.invokeTestMethods(TestInvoker.java:145)\r\n\tat org.testng.internal.TestMethodWorker.invokeTestMethods(TestMethodWorker.java:146)\r\n\tat org.testng.internal.TestMethodWorker.run(TestMethodWorker.java:128)\r\n\tat java.util.ArrayList.forEach(ArrayList.java:1257)\r\n\tat org.testng.TestRunner.privateRun(TestRunner.java:770)\r\n\tat org.testng.TestRunner.run(TestRunner.java:591)\r\n\tat org.testng.SuiteRunner.runTest(SuiteRunner.java:402)\r\n\tat org.testng.SuiteRunner.runSequentially(SuiteRunner.java:396)\r\n\tat org.testng.SuiteRunner.privateRun(SuiteRunner.java:355)\r\n\tat org.testng.SuiteRunner.run(SuiteRunner.java:304)\r\n\tat org.testng.SuiteRunnerWorker.runSuite(SuiteRunnerWorker.java:53)\r\n\tat org.testng.SuiteRunnerWorker.run(SuiteRunnerWorker.java:96)\r\n\tat org.testng.TestNG.runSuitesSequentially(TestNG.java:1180)\r\n\tat org.testng.TestNG.runSuitesLocally(TestNG.java:1102)\r\n\tat org.testng.TestNG.runSuites(TestNG.java:1032)\r\n\tat org.testng.TestNG.run(TestNG.java:1000)\r\n\tat com.intellij.rt.testng.IDEARemoteTestNG.run(IDEARemoteTestNG.java:66)\r\n\tat com.intellij.rt.testng.RemoteTestNGStarter.main(RemoteTestNGStarter.java:110)\r\n"},"stage":"finished","description":"Exercise 4 - Radio buttons","steps":[{"name":"Navigating to URL: https://antycaptcha.amberteam.pl/exercises/exercise4?seed=a8f95b6f-ca77-452d-94ec-92bc9a11365c","status":"passed","stage":"finished","steps":[],"attachments":[],"parameters":[{"name":"pageUrl","value":"https://antycaptcha.amberteam.pl/exercises/exercise4?seed=a8f95b6f-ca77-452d-94ec-92bc9a11365c"}],"start":1593638363379,"stop":1593638363679},{"name":"In the group 0 choose Beluga Brown.","status":"passed","stage":"finished","steps":[],"attachments":[],"parameters":[],"start":1593638363680,"stop":1593638363927},{"name":"In the group 1 choose Duck Egg Blue.","status":"passed","stage":"finished","steps":[],"attachments":[],"parameters":[],"start":1593638363927,"stop":1593638364145},{"name":"In the group 2 choose Verdoro Green.","status":"passed","stage":"finished","steps":[],"attachments":[],"parameters":[],"start":1593638364145,"stop":1593638364362},{"name":"In the group 3 choose Pink Kong.","status":"passed","stage":"finished","steps":[],"attachments":[],"parameters":[],"start":1593638364362,"stop":1593638364592},{"name":"check actions are correct,","status":"failed","statusDetails":{"known":false,"muted":false,"flaky":false,"message":"expected:<[0, 6, 2, -1]> but was:<[0, 6, 2, 5]>","trace":"java.lang.AssertionError: expected:<[0, 6, 2, -1]> but was:<[0, 6, 2, 5]>\r\n\tat org.testng.AssertJUnit.assertEquals(AssertJUnit.java:82)\r\n\tat org.testng.AssertJUnit.assertEquals(AssertJUnit.java:87)\r\n\tat page.Exercise4Page.getActionsAndCheck(Exercise4Page.java:68)\r\n\tat tests.Exercise4Tests.pressButtons(Exercise4Tests.java:26)\r\n\tat sun.reflect.NativeMethodAccessorImpl.invoke0(Native Method)\r\n\tat sun.reflect.NativeMethodAccessorImpl.invoke(NativeMethodAccessorImpl.java:62)\r\n\tat sun.reflect.DelegatingMethodAccessorImpl.invoke(DelegatingMethodAccessorImpl.java:43)\r\n\tat java.lang.reflect.Method.invoke(Method.java:498)\r\n\tat org.testng.internal.MethodInvocationHelper.invokeMethod(MethodInvocationHelper.java:133)\r\n\tat org.testng.internal.TestInvoker.invokeMethod(TestInvoker.java:584)\r\n\tat org.testng.internal.TestInvoker.retryFailed(TestInvoker.java:204)\r\n\tat org.testng.internal.MethodRunner.runInSequence(MethodRunner.java:58)\r\n\tat org.testng.internal.TestInvoker$MethodInvocationAgent.invoke(TestInvoker.java:804)\r\n\tat org.testng.internal.TestInvoker.invokeTestMethods(TestInvoker.java:145)\r\n\tat org.testng.internal.TestMethodWorker.invokeTestMethods(TestMethodWorker.java:146)\r\n\tat org.testng.internal.TestMethodWorker.run(TestMethodWorker.java:128)\r\n\tat java.util.ArrayList.forEach(ArrayList.java:1257)\r\n\tat org.testng.TestRunner.privateRun(TestRunner.java:770)\r\n\tat org.testng.TestRunner.run(TestRunner.java:591)\r\n\tat org.testng.SuiteRunner.runTest(SuiteRunner.java:402)\r\n\tat org.testng.SuiteRunner.runSequentially(SuiteRunner.java:396)\r\n\tat org.testng.SuiteRunner.privateRun(SuiteRunner.java:355)\r\n\tat org.testng.SuiteRunner.run(SuiteRunner.java:304)\r\n\tat org.testng.SuiteRunnerWorker.runSuite(SuiteRunnerWorker.java:53)\r\n\tat org.testng.SuiteRunnerWorker.run(SuiteRunnerWorker.java:96)\r\n\tat org.testng.TestNG.runSuitesSequentially(TestNG.java:1180)\r\n\tat org.testng.TestNG.runSuitesLocally(TestNG.java:1102)\r\n\tat org.testng.TestNG.runSuites(TestNG.java:1032)\r\n\tat org.testng.TestNG.run(TestNG.java:1000)\r\n\tat com.intellij.rt.testng.IDEARemoteTestNG.run(IDEARemoteTestNG.java:66)\r\n\tat com.intellij.rt.testng.RemoteTestNGStarter.main(RemoteTestNGStarter.java:110)\r\n"},"stage":"finished","steps":[],"attachments":[],"parameters":[],"start":1593638364593,"stop":1593638364610}],"attachments":[],"parameters":[],"start":1593638363379,"stop":1593638364611,"uuid":"4700d1d9-89fe-47c3-a800-ac7aa54213d4","historyId":"4324636f2027a3e192f91be581e92052","fullName":"tests.Exercise4Tests.pressButtons","labels":[{"name":"package","value":"tests.Exercise4Tests"},{"name":"testClass","value":"tests.Exercise4Tests"},{"name":"testMethod","value":"pressButtons"},{"name":"parentSuite","value":"Default Suite"},{"name":"suite","value":"antycaptcha"},{"name":"subSuite","value":"tests.Exercise4Tests"},{"name":"host","value":"Maniek"},{"name":"thread","value":"5580@Maniek.main(1)"},{"name":"framework","value":"testng"},{"name":"language","value":"java"},{"name":"severity","value":"trivial"}],"links":[]}