{"name":"asUserLoginUsingValidLoginAndPassword","status":"failed","statusDetails":{"known":false,"muted":false,"flaky":false,"message":"expected:<b2b1b1> but was:<b2b1b2>","trace":"java.lang.AssertionError: expected:<b2b1b1> but was:<b2b1b2>\r\n\tat org.testng.AssertJUnit.assertEquals(AssertJUnit.java:82)\r\n\tat org.testng.AssertJUnit.assertEquals(AssertJUnit.java:87)\r\n\tat page.LoginPage.getActionsAndCheck(LoginPage.java:58)\r\n\tat tests.Exercise1Tests.asUserLoginUsingValidLoginAndPassword(Exercise1Tests.java:28)\r\n\tat sun.reflect.NativeMethodAccessorImpl.invoke0(Native Method)\r\n\tat sun.reflect.NativeMethodAccessorImpl.invoke(NativeMethodAccessorImpl.java:62)\r\n\tat sun.reflect.DelegatingMethodAccessorImpl.invoke(DelegatingMethodAccessorImpl.java:43)\r\n\tat java.lang.reflect.Method.invoke(Method.java:498)\r\n\tat org.testng.internal.MethodInvocationHelper.invokeMethod(MethodInvocationHelper.java:133)\r\n\tat org.testng.internal.TestInvoker.invokeMethod(TestInvoker.java:584)\r\n\tat org.testng.internal.TestInvoker.retryFailed(TestInvoker.java:204)\r\n\tat org.testng.internal.MethodRunner.runInSequence(MethodRunner.java:58)\r\n\tat org.testng.internal.TestInvoker$MethodInvocationAgent.invoke(TestInvoker.java:804)\r\n\tat org.testng.internal.TestInvoker.invokeTestMethods(TestInvoker.java:145)\r\n\tat org.testng.internal.TestMethodWorker.invokeTestMethods(TestMethodWorker.java:146)\r\n\tat org.testng.internal.TestMethodWorker.run(TestMethodWorker.java:128)\r\n\tat java.util.ArrayList.forEach(ArrayList.java:1257)\r\n\tat org.testng.TestRunner.privateRun(TestRunner.java:770)\r\n\tat org.testng.TestRunner.run(TestRunner.java:591)\r\n\tat org.testng.SuiteRunner.runTest(SuiteRunner.java:402)\r\n\tat org.testng.SuiteRunner.runSequentially(SuiteRunner.java:396)\r\n\tat org.testng.SuiteRunner.privateRun(SuiteRunner.java:355)\r\n\tat org.testng.SuiteRunner.run(SuiteRunner.java:304)\r\n\tat org.testng.SuiteRunnerWorker.runSuite(SuiteRunnerWorker.java:53)\r\n\tat org.testng.SuiteRunnerWorker.run(SuiteRunnerWorker.java:96)\r\n\tat org.testng.TestNG.runSuitesSequentially(TestNG.java:1180)\r\n\tat org.testng.TestNG.runSuitesLocally(TestNG.java:1102)\r\n\tat org.testng.TestNG.runSuites(TestNG.java:1032)\r\n\tat org.testng.TestNG.run(TestNG.java:1000)\r\n\tat com.intellij.rt.testng.IDEARemoteTestNG.run(IDEARemoteTestNG.java:66)\r\n\tat com.intellij.rt.testng.RemoteTestNGStarter.main(RemoteTestNGStarter.java:110)\r\n"},"stage":"finished","description":"Steps to press button B2, B1,B1","steps":[{"name":"Navigating to URL: https://antycaptcha.amberteam.pl/exercises/exercise1?seed=8a028aa9-d7e6-40ed-a6f7-7f3f4e24aa4c","status":"passed","stage":"finished","steps":[],"attachments":[],"parameters":[{"name":"pageUrl","value":"https://antycaptcha.amberteam.pl/exercises/exercise1?seed=8a028aa9-d7e6-40ed-a6f7-7f3f4e24aa4c"}],"start":1593631848899,"stop":1593631849202},{"name":"press button 2","status":"passed","stage":"finished","steps":[],"attachments":[],"parameters":[],"start":1593631849202,"stop":1593631849452},{"name":"press button 1","status":"passed","stage":"finished","steps":[],"attachments":[],"parameters":[],"start":1593631849452,"stop":1593631849685},{"name":"press button 1","status":"passed","stage":"finished","steps":[],"attachments":[],"parameters":[],"start":1593631849685,"stop":1593631849913},{"name":"check actions are correct,","status":"failed","statusDetails":{"known":false,"muted":false,"flaky":false,"message":"expected:<b2b1b1> but was:<b2b1b2>","trace":"java.lang.AssertionError: expected:<b2b1b1> but was:<b2b1b2>\r\n\tat org.testng.AssertJUnit.assertEquals(AssertJUnit.java:82)\r\n\tat org.testng.AssertJUnit.assertEquals(AssertJUnit.java:87)\r\n\tat page.LoginPage.getActionsAndCheck(LoginPage.java:58)\r\n\tat tests.Exercise1Tests.asUserLoginUsingValidLoginAndPassword(Exercise1Tests.java:28)\r\n\tat sun.reflect.NativeMethodAccessorImpl.invoke0(Native Method)\r\n\tat sun.reflect.NativeMethodAccessorImpl.invoke(NativeMethodAccessorImpl.java:62)\r\n\tat sun.reflect.DelegatingMethodAccessorImpl.invoke(DelegatingMethodAccessorImpl.java:43)\r\n\tat java.lang.reflect.Method.invoke(Method.java:498)\r\n\tat org.testng.internal.MethodInvocationHelper.invokeMethod(MethodInvocationHelper.java:133)\r\n\tat org.testng.internal.TestInvoker.invokeMethod(TestInvoker.java:584)\r\n\tat org.testng.internal.TestInvoker.retryFailed(TestInvoker.java:204)\r\n\tat org.testng.internal.MethodRunner.runInSequence(MethodRunner.java:58)\r\n\tat org.testng.internal.TestInvoker$MethodInvocationAgent.invoke(TestInvoker.java:804)\r\n\tat org.testng.internal.TestInvoker.invokeTestMethods(TestInvoker.java:145)\r\n\tat org.testng.internal.TestMethodWorker.invokeTestMethods(TestMethodWorker.java:146)\r\n\tat org.testng.internal.TestMethodWorker.run(TestMethodWorker.java:128)\r\n\tat java.util.ArrayList.forEach(ArrayList.java:1257)\r\n\tat org.testng.TestRunner.privateRun(TestRunner.java:770)\r\n\tat org.testng.TestRunner.run(TestRunner.java:591)\r\n\tat org.testng.SuiteRunner.runTest(SuiteRunner.java:402)\r\n\tat org.testng.SuiteRunner.runSequentially(SuiteRunner.java:396)\r\n\tat org.testng.SuiteRunner.privateRun(SuiteRunner.java:355)\r\n\tat org.testng.SuiteRunner.run(SuiteRunner.java:304)\r\n\tat org.testng.SuiteRunnerWorker.runSuite(SuiteRunnerWorker.java:53)\r\n\tat org.testng.SuiteRunnerWorker.run(SuiteRunnerWorker.java:96)\r\n\tat org.testng.TestNG.runSuitesSequentially(TestNG.java:1180)\r\n\tat org.testng.TestNG.runSuitesLocally(TestNG.java:1102)\r\n\tat org.testng.TestNG.runSuites(TestNG.java:1032)\r\n\tat org.testng.TestNG.run(TestNG.java:1000)\r\n\tat com.intellij.rt.testng.IDEARemoteTestNG.run(IDEARemoteTestNG.java:66)\r\n\tat com.intellij.rt.testng.RemoteTestNGStarter.main(RemoteTestNGStarter.java:110)\r\n"},"stage":"finished","steps":[],"attachments":[],"parameters":[],"start":1593631849913,"stop":1593631849931}],"attachments":[],"parameters":[],"start":1593631848899,"stop":1593631849931,"uuid":"fc4cf47a-9772-4713-9e6a-34eaacfaf1f1","historyId":"29f96fb757665255a2a6b5fcae200fdf","fullName":"tests.Exercise1Tests.asUserLoginUsingValidLoginAndPassword","labels":[{"name":"package","value":"tests.Exercise1Tests"},{"name":"testClass","value":"tests.Exercise1Tests"},{"name":"testMethod","value":"asUserLoginUsingValidLoginAndPassword"},{"name":"parentSuite","value":"Default Suite"},{"name":"suite","value":"antycaptcha"},{"name":"subSuite","value":"tests.Exercise1Tests"},{"name":"host","value":"Maniek"},{"name":"thread","value":"16040@Maniek.main(1)"},{"name":"framework","value":"testng"},{"name":"language","value":"java"},{"name":"severity","value":"blocker"}],"links":[]}